1610057869	ksoaoz
1610057874	ksoar4
1610057897	ksob23
1610057929	ksobge
1610057968	ksobw6
1610057981	ksoc17
1610057995	ksoc6p
1610058004	ksocae
1610058033	ksocmi
1610058048	ksocta
1610058077	ksod4t
1610058113	ksodjc
1610058211	ksoeo9
1610058221	ksoerq
1610058242	ksof0f
1610058317	ksofwl
1610058342	ksog8t
1610058382	ksogqs
1610058496	ksoi5c
1610058499	ksoi6k
1610058501	ksoi6z
1610058502	ksoi7i
1610058504	ksoi8l
1610058551	ksoirm
1610058685	ksokso
1610058818	ksomcf
1610058843	ksomny
1610058903	ksondk
1610059067	ksoplb
1610059069	ksopm0
1610059123	ksoq8y
1610059164	ksoqqr
1610059203	ksor64
1610059267	ksorwu
1610059368	ksot4e
1610059419	ksotr4
1610059422	ksotsf
1610059484	ksouiv
1610059596	ksovux
1610059634	ksow9p
1610059649	ksowg2
1610059831	ksoysc
1610059884	ksozh9
1610059903	ksozpf
1610059969	ksp0ho
1610059974	ksp0jd
1610060039	ksp1b1
1610060062	ksp1lg
1610060097	ksp201
1610060170	ksp2ts
1610060185	ksp2zr
1610060200	ksp35t
1610060212	ksp3aq
1610060215	ksp3bw
1610060230	ksp3hs
1610060267	ksp3x5
1610060389	ksp5bu
1610060430	ksp5zm
1610060506	ksp75o
1610060515	ksp7a5
1610060546	ksp7pl
1610060602	ksp8ed
1610060618	ksp8mw
1610060656	ksp94p
1610060754	kspaev
1610060827	kspb97
1610060889	kspbzr
1610060897	kspc3b
1610060921	kspcee
1610060967	kspcxp
1610060987	kspd5i
1610060988	kspd5v
1610060997	kspd9p
1610061029	kspdq6
1610061301	ksph8e
1610061316	ksphh7
1610061395	kspieo
1610061397	kspifg
1610061432	kspitu
1610061434	kspiv3
1610061453	kspj3j
1610061465	kspj8l
1610061469	kspjac
1610061490	kspjit
1610061693	ksplv7
1610061728	kspmbc
1610061738	kspmfk
1610061743	kspmhg
1610061811	kspnbf
1610061901	kspobo
1610061904	kspocz
1610061905	kspodi
1610061944	kspotv
1610062127	kspqzw
1610062162	ksprbt
1610062180	ksprik
1610062325	ksptfz
1610062354	ksptrl
1610062424	kspuj6
1610062492	kspv9o
1610144218	ktd88l
1610144224	ktd8be
1610144284	ktd91e
1610144377	ktda6u
1610144379	ktda7w
1610144384	ktdaa7
1610144386	ktdab7
1610144434	ktdayd
1610144443	ktdb26
1610144524	ktdc28
1610144589	ktdcw3
1610144736	ktdepm
1610144752	ktdevz
1610144874	ktdgaf
1610144882	ktdge0
1610144964	ktdhdg
1610144970	ktdhg6
1610145014	ktdi12
1610145022	ktdi4q
1610145023	ktdi5h
1610145051	ktdihx
1610145057	ktdil7
1610145094	ktdj1u
1610145138	ktdjjs
1610145141	ktdjku
1610145225	ktdkn4
1610145256	ktdkzr
1610145308	ktdll5
1610145406	ktdmtt
1610145435	ktdn5f
1610145448	ktdnbd
1610145452	ktdncj
1610145499	ktdnvw
1610145572	ktdoor
1610145625	ktdpbd
1610145651	ktdpmb
1610145729	ktdqjl
1610145846	ktdrz6
1610145897	ktdsks
1610145917	ktdsts
1610145922	ktdsvx
1610145947	ktdt6t
1610145990	ktdtpa
1610146018	ktdu11
1610146035	ktdu7i
1610146047	ktducc
1610146104	ktdv0v
1610146109	ktdv31
1610146138	ktdve9
1610146202	ktdw4y
1610146236	ktdwif
1610146256	ktdwq4
1610146264	ktdwt5
1610146307	ktdx9b
1610146334	ktdxjj
1610146416	ktdyhm
1610146438	ktdyr2
1610146549	ktdzz6
1610146654	kte17p
1610146691	kte1m6
1610146722	kte1yj
1610146804	kte2vk
1610146900	kte45n
1610146915	kte4cj
1610147109	kte6rn
1610147248	kte8ci
1610147351	kte9j7
1610147470	kteawn
1610147553	ktebwy
1610147555	ktebyt
1610147607	kteckz
1610147623	ktecrf
1610147629	ktecun
1610147634	ktecwg
1610147666	kted60
1610147721	kteduh
1610147736	ktee07
1610147776	kteeh3
1610147807	kteevn
1610147824	ktef1t
1610147913	kteg2d
1610147913	kteg2g
1610147930	kteg90
1610147955	ktegk3
1610147998	kteh2z
1610148067	ktehum
1610148072	ktehwi
1610148106	kteib7
1610148226	ktejpt
1610148288	ktekfi
1610148352	ktel6t
1610148388	ktelmx
1610148422	ktem0q
1610148444	ktemb0
1610148553	ktenoa
1610148579	kteo0c
1610148594	kteo74
1610148665	ktep0s
1610148677	ktep5y
1610148779	kteqi6
1610230619	ku0s0y
1610230696	ku0syx
1610230871	ku0v3b
1610231151	ku0ydk
1610231167	ku0ykp
1610231333	ku10jj
1610231343	ku10oa
1610231572	ku13bs
1610231591	ku13j6
1610231623	ku13x3
1610231658	ku14bb
1610231752	ku15cx
1610231845	ku16eu
1610231848	ku16gz
1610231963	ku17v2
1610231965	ku17wa
1610231966	ku17wx
1610232076	ku1973
1610232087	ku19bu
1610232097	ku19gq
1610232107	ku19ke
1610232131	ku19vh
1610232134	ku19wn
1610232167	ku1aay
1610232172	ku1ad2
1610232208	ku1atp
1610232274	ku1bjy
1610232603	ku1fby
1610232645	ku1fuk
1610232919	ku1iza
1610233174	ku1lu6
1610233258	ku1mur
1610233326	ku1nox
1610233371	ku1o65
1610233516	ku1pvm
1610233564	ku1qcw
1610233631	ku1r2l
1610233663	ku1rdh
1610233721	ku1s0t
1610233821	ku1t3e
1610233964	ku1ukp
1610234060	ku1vnb
1610234144	ku1wir
1610234474	ku2050
1610234522	ku20nm
1610234648	ku221j
1610234692	ku22io
1610234896	ku24ob
1610234928	ku2505
1610235123	ku270e
1610235148	ku279y
1610235169	ku27gy
1610235458	ku2aoy
1610235733	ku2dqc
1610235774	ku2e8d
1610235776	ku2e96
1610235779	ku2eah
1610235866	ku2fam
1610235897	ku2fmp
1610235916	ku2fub
1610235924	ku2fx4
1610235924	ku2fx9
1610236066	ku2hgj
1610236231	ku2j99
1610236284	ku2jsx
1610236357	ku2kna
1610236495	ku2ma6
1610236638	ku2nx4
1610236658	ku2o5n
1610236800	ku2pvx
1610236823	ku2qc6
1610236911	ku2ref
1610236927	ku2rlo
1610237027	ku2sry
1610237083	ku2tf2
1610237151	ku2u7k
1610237162	ku2uc2
1610237183	ku2ujw
1610237184	ku2ukk
1610237216	ku2uy9
1610237303	ku2vzs
1610237345	ku2wje
1610237373	ku2wwc
1610237417	ku2xfg
1610237429	ku2xn5
1610237618	ku2zrg
1610237726	ku30wc
1610237783	ku31ku
1610238050	ku34hv
1610238147	ku35jo
1610238268	ku36wn
1610238394	ku38cg
1610238497	ku39fc
1610238786	ku3cl1
1610238882	ku3dkn
1610239061	ku3fgt
1610239258	ku3hjy
1610239387	ku3iwn
1610239665	ku3ls4
1610239677	ku3lvv
1610317184	kuojl5
1610317228	kuok4x
1610317268	kuoksg
1610317300	kuolaj
1610317371	kuom4z
1610317446	kuon1v
1610317490	kuonjm
1610317693	kuoqd4
1610317695	kuoqdw
1610317701	kuoqgu
1610317915	kuot4w
1610318055	kuoush
1610318090	kuov6b
1610318227	kuowsl
1610318392	kuoysg
1610318455	kuozkf
1610318484	kuozxq
1610318679	kup2e2
1610318965	kup5kn
1610319295	kup97n
1610319380	kupa4y
1610319435	kupask
1610319597	kupck1
1610319604	kupcnj
1610319760	kupelb
1610319860	kupfv2
1610319962	kuph0i
1610320008	kuphhw
1610320050	kupi13
1610320329	kupl94
1610320480	kupmz6
1610320490	kupn35
1610320497	kupn61
1610320547	kupnpo
1610320573	kupo0b
1610320577	kupo1o
1610320641	kupotl
1610320697	kuppfj
1610320792	kupqfh
1610320824	kupqsg
1610320889	kupri0
1610321265	kupvmh
1610321385	kupwyz
1610321498	kupy9t
1610321608	kupzix
1610321729	kuq0ui
1610321951	kuq38x
1610321953	kuq39z
1610321969	kuq3hu
1610322043	kuq4f3
1610322101	kuq521
1610322135	kuq5fh
1610322251	kuq6q7
1610322289	kuq778
1610322570	kuqaej
1610322594	kuqaoc
1610322697	kuqbt5
1610322716	kuqc0g
1610322951	kuqejq
1610322954	kuqeku
1610323284	kuqict
1610323291	kuqifv
1610323347	kuqj5t
1610323430	kuqk52
1610323433	kuqk68
1610323487	kuqks4
1610323508	kuql1m
1610323540	kuqlfq
1610323542	kuqlgk
1610323680	kuqmxk
1610323821	kuqolr
1610323840	kuqotu
1610323911	kuqpln
1610323951	kuqq2d
1610324013	kuqqqd
1610324075	kuqrdk
1610324087	kuqriq
1610324128	kuqrwt
1610324158	kuqs9t
1610324170	kuqsep
1610324170	kuqseu
1610324278	kuqtj3
1610324708	kuqy2m
1610324728	kuqyaw
1610324869	kuqzsl
1610324897	kur04j
1610325013	kur1gr
1610325049	kur1yc
1610325422	kur657
1610325481	kur6t0
1610325576	kur7ts
1610325614	kur88v
1610325823	kuraoj
1610325858	kurb24
1610325901	kurbjg
1610325935	kurbw6
1610326142	kure4u
1610326209	kureua
1610326233	kurf3k
1610326302	kurft5
1610403458	kvdlzv
1610403488	kvdmdq
1610403508	kvdmn0
1610403517	kvdmrr
1610403570	kvdnes
1610403618	kvdnz0
1610403634	kvdo56
1610403731	kvdpal
1610403773	kvdpmp
1610403845	kvdqky
1610403852	kvdqoj
1610403863	kvdqtt
1610403913	kvdrfe
1610403934	kvdrot
1610404004	kvdsjb
1610404009	kvdsl9
1610404176	kvduog
1610404244	kvdvhp
1610404379	kvdx4a
1610404405	kvdxep
1610404476	kvdybg
1610404481	kvdye1
1610404499	kvdyl8
1610404527	kvdyyc
1610404573	kvdzie
1610404782	kve22e
1610404785	kve23o
1610404789	kve25s
1610404804	kve2bj
1610404915	kve3n7
1610404929	kve3u3
1610405052	kve5b3
1610405091	kve5rr
1610405131	kve68a
1610405152	kve6gg
1610405163	kve6lc
1610405181	kve6sm
1610405184	kve6u3
1610405187	kve6ux
1610405211	kve75p
1610405256	kve7ne
1610405302	kve86g
1610405432	kve9or
1610405439	kve9rp
1610405456	kve9yo
1610405517	kveam7
1610405586	kvebgn
1610405630	kvebzm
1610405664	kvecex
1610405687	kvecps
1610405863	kveern
1610405950	kvefsu
1610405978	kveg5n
1610406034	kvegwp
1610406054	kveh4z
1610406259	kvejis
1610406419	kvelfp
1610406427	kveljd
1610406432	kvellp
1610406718	kveoxy
1610406741	kvep8t
1610406796	kvepuf
1610406853	kveqir
1610406876	kveqr9
1610406963	kverqu
1610407286	kvevg7
1610407370	kvewg3
1610407495	kvexwk
1610407606	kvez4n
1610407634	kvezg0
1610407745	kvf0q5
1610407926	kvf2u1
1610408040	kvf454
1610408122	kvf53r
1610408163	kvf5ke
1610408201	kvf613
1610408258	kvf6o6
1610408350	kvf7r1
1610408359	kvf7ue
1610408414	kvf8g6
1610408420	kvf8j9
1610408517	kvf9od
1610408567	kvfa9u
1610408606	kvfaph
1610408823	kvfd4i
1610408824	kvfd4r
1610408937	kvfeee
1610408985	kvfeyp
1610409057	kvffs1
1610409072	kvffyi
1610409130	kvfgn2
1610409141	kvfgra
1610409212	kvfhkg
1610409309	kvfind
1610409362	kvfj8u
1610409598	kvflsn
1610409648	kvfmgj
1610409701	kvfn3a
1610409783	kvfo1s
1610409906	kvfpgl
1610489781	kw26aa
1610489808	kw26ln
1610489857	kw2775
1610489883	kw27iz
1610489924	kw282i
1610489965	kw28nh
1610489965	kw28ni
1610490089	kw2a7y
1610490167	kw2b4o
1610490193	kw2bg6
1610490200	kw2bii
1610490223	kw2bsm
1610490355	kw2dcz
1610490356	kw2ddd
1610490364	kw2dgd
1610490449	kw2eh1
1610490579	kw2g2x
1610490599	kw2gbh
1610490634	kw2gsq
1610490653	kw2h0v
1610490683	kw2hd9
1610490689	kw2hfu
1610490767	kw2ids
1610490814	kw2ixx
1610490837	kw2j85
1610490843	kw2jao
1610490885	kw2jse
1610490895	kw2jvs
1610490951	kw2kix
1610490967	kw2kp3
1610490981	kw2kui
1610491001	kw2l48
1610491049	kw2lnx
1610491067	kw2lu8
1610491078	kw2lya
1610491079	kw2lys
1610491092	kw2m4j
1610491171	kw2n22
1610491205	kw2ng5
1610491212	kw2njt
1610491291	kw2oip
1610491482	kw2qtt
1610491514	kw2r6n
1610491569	kw2rsz
1610491629	kw2sj5
1610491649	kw2sre
1610491784	kw2ucy
1610491785	kw2ud9
1610491817	kw2uqz
1610491821	kw2use
1610491840	kw2uzm
1610491919	kw2vtz
1610491926	kw2vwm
1610491958	kw2wa8
1610492064	kw2xkl
1610492134	kw2ycp
1610492195	kw2z22
1610492276	kw2zy6
1610492299	kw307u
1610492396	kw31ax
1610492443	kw3200
1610492595	kw33wo
1610492668	kw34x3
1610492694	kw358p
1610492695	kw359a
1610492702	kw35bt
1610492710	kw35fu
1610492750	kw35xt
1610492768	kw3657
1610492785	kw36ca
1610492825	kw36t5
1610492837	kw36yh
1610492858	kw376k
1610492873	kw37ci
1610492906	kw37qm
1610492956	kw38by
1610493024	kw397e
1610493050	kw39k4
1610493071	kw39sg
1610493177	kw3b1p
1610493221	kw3bn3
1610493233	kw3brt
1610493241	kw3buz
1610493289	kw3cfu
1610493294	kw3chq
1610493325	kw3cts
1610493343	kw3d10
1610493376	kw3dd9
1610493630	kw3gfn
1610493715	kw3hdc
1610493870	kw3j5f
1610493902	kw3jj7
1610493919	kw3jrf
1610493952	kw3k34
1610493962	kw3k74
1610494001	kw3kn2
1610494104	kw3lx2
1610494114	kw3m1l
1610494125	kw3m5t
1610494148	kw3me5
1610576211	kwrept
1610576347	kwrgex
1610576408	kwrh7f
1610576482	kwri3g
1610576503	kwrico
1610576511	kwrig9
1610576530	kwrio6
1610576539	kwrirz
1610576559	kwrj2e
1610576614	kwrjpr
1610576627	kwrjvs
1610576641	kwrk2y
1610576700	kwrks0
1610576714	kwrkym
1610576717	kwrkzu
1610576729	kwrl4t
1610576788	kwrlu9
1610576814	kwrm59
1610576822	kwrm87
1610576860	kwrmp2
1610576865	kwrmqp
1610576867	kwrmrd
1610576912	kwrnba
1610576914	kwrnc3
1610576945	kwrnot
1610576952	kwrnsi
1610576963	kwrnxs
1610576965	kwrnye
1610576967	kwrnz4
1610576972	kwro1b
1610576983	kwro5v
1610576988	kwro8d
1610576992	kwro9t
1610577012	kwrojk
1610577041	kwrowt
1610577088	kwrphk
1610577093	kwrpjq
1610577123	kwrpwu
1610577138	kwrq2u
1610577170	kwrqgv
1610577178	kwrqjv
1610577204	kwrqv1
1610577313	kwrs9h
1610577333	kwrsi6
1610577336	kwrsjr
1610577376	kwrt1h
1610577448	kwrtxu
1610577579	kwrvir
1610577610	kwrvvv
1610577681	kwrwoh
1610577719	kwrx5g
1610577726	kwrx83
1610577755	kwrxl6
1610577764	kwrxpd
1610577772	kwrxta
1610577796	kwry2u
1610577797	kwry3c
1610577801	kwry5e
1610577912	kwrzja
1610577923	kwrznn
1610577955	kws01q
1610577973	kws08x
1610577980	kws0bt
1610578005	kws0mj
1610578052	kws17c
1610578087	kws1kl
1610578123	kws1z0
1610578130	kws222
1610578204	kws2xh
1610578206	kws2yh
1610578215	kws31n
1610578306	kws42b
1610578313	kws455
1610578423	kws5ib
1610578472	kws65n
1610578621	kws7w9
1610578646	kws87u
1610578671	kws8ie
1610578674	kws8jk
1610578697	kws8u1
1610578710	kws8zb
1610578750	kws9f0
1610578816	kwsa9a
1610578820	kwsact
1610578859	kwsau9
1610578898	kwsbei
1610578928	kwsbs1
1610578966	kwsc82
1610578977	kwscdd
1610578985	kwsch7
1610579026	kwsd26
1610579043	kwsd9m
1610579068	kwsdlc
1610579137	kwsehf
1610579147	kwsely
1610579209	kwsfcl
1610579245	kwsfrw
1610579283	kwsg7r
1610579308	kwsgie
1610579372	kwshaf
1610662594	kxg7sy
1610662634	kxg896
1610662729	kxg9dj
1610662737	kxg9g8
1610662742	kxg9i3
1610662756	kxg9oi
1610662797	kxga4e
1610662823	kxgai1
1610662901	kxgbn3
1610662957	kxgcch
1610662996	kxgcsn
1610663019	kxgd1y
1610663032	kxgd6b
1610663053	kxgder
1610663058	kxgdgv
1610663059	kxgdhb
1610663066	kxgdl9
1610663090	kxgdx0
1610663102	kxge1x
1610663126	kxgeck
1610663170	kxgf1m
1610663184	kxgfa1
1610663221	kxgfs1
1610663285	kxggkr
1610663296	kxggpl
1610663323	kxgh1a
1610663352	kxghe0
1610663383	kxghq6
1610663388	kxghs6
1610663442	kxgij4
1610663453	kxgin5
1610663458	kxgip5
1610663480	kxgiz9
1610663481	kxgizo
1610663488	kxgj34
1610663501	kxgj9k
1610663516	kxgjf1
1610663525	kxgjil
1610663528	kxgjke
1610663548	kxgjrj
1610663553	kxgjtg
1610663566	kxgjy5
1610663585	kxgk5g
1610663592	kxgk8b
1610663592	kxgk8i
1610663604	kxgkdc
1610663612	kxgkgv
1610663627	kxgkmo
1610663659	kxgl12
1610663686	kxglbs
1610663691	kxglds
1610663692	kxglee
1610663694	kxglex
1610663731	kxglyj
1610663786	kxgmmf
1610663858	kxgnfx
1610663867	kxgnjq
1610663877	kxgnok
1610663909	kxgo2r
1610663952	kxgok2
1610663963	kxgooa
1610663988	kxgoyj
1610663995	kxgp15
1610664011	kxgpa3
1610664017	kxgpds
1610664068	kxgq6h
1610664085	kxgqeh
1610664103	kxgqlk
1610664150	kxgr4b
1610664163	kxgra4
1610664207	kxgrua
1610664211	kxgrw3
1610664213	kxgrwk
1610664234	kxgs5k
1610664236	kxgs6r
1610664250	kxgsep
1610664254	kxgsh3
1610664262	kxgsl5
1610664276	kxgsqt
1610664285	kxgsv5
1610664309	kxgt51
1610664311	kxgt6n
1610664352	kxgtog
1610664366	kxgtuk
1610664372	kxgtxf
1610664430	kxguli
1610664475	kxgv3v
1610664517	kxgvm6
1610664531	kxgvs7
1610664563	kxgw6b
1610664612	kxgwsn
1610664645	kxgxab
1610664699	kxgy7r
1610664704	kxgyaf
1610664750	kxgyuo
1610664780	kxgzar
1610664801	kxgzk0
1610664802	kxgzk6
1610664839	kxgzzn
1610664845	kxh022
1610749000	ky5brq
1610749030	ky5c4g
1610749035	ky5c6h
1610749059	ky5cf5
1610749078	ky5cnw
1610749117	ky5d5d
1610749124	ky5d8h
1610749181	ky5dtx
1610749200	ky5e0y
1610749220	ky5e9b
1610749245	ky5ej1
1610749259	ky5eop
1610749262	ky5epu
1610749298	ky5f5a
1610749307	ky5f9b
1610749336	ky5fl2
1610749376	ky5g1r
1610749376	ky5g1x
1610749382	ky5g3l
1610749385	ky5g4x
1610749393	ky5g86
1610749426	ky5gl6
1610749428	ky5glz
1610749446	ky5guo
1610749454	ky5gxv
1610749469	ky5h4v
1610749553	ky5i3w
1610749609	ky5iu3
1610749650	ky5jbx
1610749660	ky5jfx
1610749664	ky5jhs
1610749673	ky5jll
1610749735	ky5kbt
1610749799	ky5l4j
1610749811	ky5lal
1610749846	ky5lp7
1610749873	ky5lzp
1610749929	ky5mmh
1610749961	ky5n0d
1610749992	ky5ndb
1610750137	ky5p3d
1610750154	ky5paf
1610750187	ky5poj
1610750199	ky5pta
1610750203	ky5pux
1610750205	ky5pw8
1610750207	ky5px1
1610750235	ky5q8f
1610750235	ky5q8l
1610750276	ky5qp9
1610750289	ky5quk
1610750363	ky5rpk
1610750376	ky5rv3
1610750456	ky5ssa
1610750535	ky5tpn
1610750537	ky5tq7
1610750538	ky5tql
1610750539	ky5tqw
1610750543	ky5tsh
1610750554	ky5txh
1610750586	ky5ua3
1610750635	ky5uwq
1610750640	ky5uyk
1610750656	ky5v4q
1610750666	ky5v8m
1610750676	ky5vd9
1610750703	ky5vo4
1610750713	ky5vsz
1610750761	ky5wc7
1610750772	ky5wgo
1610750787	ky5wml
1610750793	ky5wpc
1610750856	ky5xey
1610750913	ky5y3x
1610750959	ky5ymq
1610750983	ky5yvy
1610751010	ky5z6y
1610751028	ky5zf5
1610751043	ky5zl2
1610751067	ky5zuh
1610751090	ky603q
1610751182	ky618b
1610751192	ky61cq
1610751222	ky61p0
1610751227	ky61rd
1610751230	ky61s4
1610751282	ky62ff
1610751297	ky62l4
1610751313	ky62rd
1610751317	ky62t1
1610751348	ky6359
1610751360	ky63a8
1610751361	ky63aj
1610751368	ky63dw
1610751374	ky63g9
1610751374	ky63gk
1610751380	ky63jp
1610751417	ky63zq
1610751417	ky63zu
1610751444	ky64b4
1610835475	kysr7g
1610835510	kysrl4
1610835634	kyst2b
1610835718	kystzp
1610835815	kysv1d
1610835830	kysv7p
1610835889	kysvyn
1610835926	kyswcv
1610835961	kyswpx
1610835984	kyswya
1610835986	kyswyt
1610836011	kysx98
1610836041	kysxk9
1610836081	kysxzi
1610836233	kyszpu
1610836416	kyt1u9
1610836456	kyt2ak
1610836512	kyt2yf
1610836541	kyt39f
1610836582	kyt3os
1610836591	kyt3sh
1610836596	kyt3ul
1610836628	kyt46m
1610836629	kyt47g
1610836667	kyt4mc
1610836677	kyt4qa
1610836697	kyt4ya
1610836725	kyt5an
1610836731	kyt5cm
1610836899	kyt77m
1610836902	kyt79c
1610837040	kyt8wa
1610837074	kyt99r
1610837152	kyta60
1610837157	kyta85
1610837206	kytaru
1610837211	kytatf
1610837255	kytbaf
1610837290	kytboi
1610837341	kytc9u
1610837451	kytdhu
1610837476	kytdro
1610837493	kytdzm
1610837602	kytf99
1610837707	kytgdi
1610837728	kytgl9
1610837736	kytgon
1610837779	kyth5p
1610837817	kythkk
1610837843	kythux
1610837910	kytil4
1610837922	kytiq2
1610837932	kytiud
1610838005	kytjo6
1610838034	kytk49
1610838117	kytl48
1610838242	kytmkv
1610838284	kytn3e
1610838303	kytnaf
1610838323	kytnhd
1610838426	kytomg
1610838443	kytot8
1610838471	kytp4a
1610838628	kytquq
1610838834	kytt7r
1610838876	kyttpe
1610838933	kytucr
1610838987	kytuy8
1610839299	kytyfp
1610839342	kytyyw
1610839366	kytz8n
1610839420	kytztz
1610839490	kyu0mb
1610839524	kyu0zp
1610839581	kyu1kv
1610839600	kyu1tn
1610839601	kyu1ts
1610839630	kyu25k
1610839663	kyu2iv
1610839669	kyu2lb
1610839674	kyu2ng
1610839744	kyu3ex
1610839788	kyu3vx
1610839821	kyu4al
1610840103	kyu7hv
1610840303	kyu9qq
1610840360	kyuac4
1610840363	kyuadj
1610840388	kyuamn
1610840551	kyuce5
1610840568	kyucku
1610840591	kyucts
1610840602	kyucyq
1610840721	kyue93
1610840779	kyueuy
1610840787	kyuey7
1610841009	kyuhbp
1610841014	kyuhdr
1610841117	kyuify
1610841175	kyuj5o
1610921827	kzgfcx
1610921957	kzggwj
1610922068	kzgi4x
1610922091	kzgiex
1610922300	kzgkvr
1610922315	kzgl20
1610922331	kzgl8p
1610922425	kzgma7
1610922468	kzgmr3
1610922470	kzgmrx
1610922521	kzgnbn
1610922577	kzgny1
1610922580	kzgnzm
1610922584	kzgo0z
1610922623	kzgohf
1610922881	kzgref
1610923025	kzgt2y
1610923110	kzgu2h
1610923302	kzgw7v
1610923312	kzgwbv
1610923347	kzgwqi
1610923371	kzgwzt
1610923434	kzgxoa
1610923459	kzgxyh
1610923498	kzgyf4
1610923524	kzgypd
1610923526	kzgyq1
1610923661	kzh08a
1610923694	kzh0l9
1610923706	kzh0pv
1610923707	kzh0qg
1610923750	kzh17q
1610923823	kzh23w
1610923932	kzh3da
1610923939	kzh3gk
1610923987	kzh3yg
1610924010	kzh480
1610924021	kzh4e1
1610924077	kzh507
1610924129	kzh5me
1610924138	kzh5pr
1610924160	kzh5y7
1610924166	kzh60e
1610924215	kzh6ji
1610924220	kzh6lt
1610924263	kzh73v
1610924272	kzh77j
1610924288	kzh7do
1610924384	kzh8i2
1610924388	kzh8jk
1610924495	kzh9ul
1610924528	kzha9s
1610924588	kzhazn
1610924604	kzhb82
1610924675	kzhc2f
1610924678	kzhc41
1610924722	kzhcmh
1610924750	kzhcxc
1610924774	kzhd80
1610924822	kzhdrk
1610924846	kzhe18
1610924892	kzhek0
1610924933	kzhf2h
1610925006	kzhfvs
1610925041	kzhg9z
1610925199	kzhhzv
1610925269	kzhiv6
1610925337	kzhjly
1610925357	kzhjux
1610925539	kzhm06
1610925547	kzhm2z
1610925636	kzhn2r
1610925770	kzhokb
1610925773	kzholq
1610925885	kzhpto
1610925931	kzhqbm
1610926011	kzhr74
1610926117	kzhse0
1610926234	kzhtog
1610926271	kzhu1z
1610926271	kzhu20
1610926321	kzhul4
1610926367	kzhv5q
1610926432	kzhvud
1610926454	kzhw2s
1610926592	kzhxjb
1610926670	kzhycc
1610926735	kzhz02
1610926958	kzi1cw
1610927038	kzi26j
1610927059	kzi2dq
1610927160	kzi3gi
1610927185	kzi3pg
1610927319	kzi527
1610927356	kzi5fo
1610927367	kzi5kc
1610927464	kzi6ls
1610927482	kzi6se
1610927513	kzi750
1610927638	kzi8fd
1611008288	l05anb
1611008309	l05awm
1611008310	l05axb
1611008338	l05b9o
1611008381	l05br2
1611008392	l05bvy
1611008462	l05cpb
1611008477	l05cvo
1611008497	l05d3u
1611008515	l05dax
1611008583	l05e3c
1611008593	l05e84
1611008602	l05ecu
1611008616	l05ejc
1611008620	l05el7
1611008625	l05enk
1611008673	l05f8m
1611008677	l05fa5
1611008706	l05fmo
1611008721	l05ftf
1611008744	l05g2i
1611008792	l05gne
1611008798	l05gpu
1611008823	l05h0w
1611008899	l05hxn
1611009024	l05jgq
1611009034	l05jks
1611009167	l05l8h
1611009239	l05m3q
1611009298	l05mue
1611009309	l05mzl
1611009328	l05n98
1611009347	l05nh2
1611009373	l05nrh
1611009373	l05nrj
1611009375	l05nsd
1611009446	l05ono
1611009452	l05oql
1611009580	l05q9c
1611009619	l05qph
1611009624	l05qrp
1611009649	l05r1j
1611009657	l05r5c
1611009699	l05ro5
1611009707	l05rrm
1611009720	l05rws
1611009825	l05t2q
1611009910	l05u58
1611009964	l05urt
1611010075	l05w2h
1611010076	l05w2y
1611010099	l05wd4
1611010210	l05xp8
1611010226	l05xx6
1611010265	l05yev
1611010354	l05zgf
1611010360	l05zja
1611010441	l060fa
1611010454	l060ju
1611010463	l060n1
1611010465	l060nu
1611010492	l060z1
1611010557	l061pb
1611010637	l062me
1611010658	l062vl
1611010688	l0638x
1611010796	l064ig
1611010840	l06556
1611010847	l0658j
1611010880	l065mg
1611010926	l0666y
1611010928	l06682
1611011044	l067pi
1611011075	l0683d
1611011076	l0683x
1611011094	l068ao
1611011106	l068he
1611011154	l0692x
1611011176	l069cl
1611011245	l06a77
1611011255	l06abe
1611011274	l06aio
1611011374	l06bq9
1611011431	l06cd5
1611011516	l06ddi
1611011562	l06dw2
1611011575	l06e1j
1611011589	l06e75
1611011595	l06e9c
1611011602	l06ecg
1611011663	l06f16
1611011686	l06fa3
1611011690	l06fbj
1611011712	l06fl6
1611011805	l06gpr
1611011911	l06hzo
1611011972	l06ion
1611012070	l06js7
1611012078	l06jvs
1611012086	l06jyx
1611094621	l0ur6x
1611094623	l0ur7t
1611094631	l0urba
1611094633	l0urc3
1611094634	l0urcm
1611094696	l0us69
1611094747	l0usu1
1611094777	l0ut80
1611094783	l0utao
1611094835	l0uty7
1611094850	l0uu4z
1611094866	l0uubt
1611094889	l0uump
1611094900	l0uurs
1611094947	l0uvbe
1611094969	l0uvls
1611094978	l0uvq2
1611094980	l0uvqw
1611094985	l0uvt7
1611095024	l0uwc7
1611095051	l0uwo6
1611095061	l0uwrv
1611095061	l0uws0
1611095064	l0uwtx
1611095107	l0uxbv
1611095113	l0uxfe
1611095119	l0uxiw
1611095145	l0uxv4
1611095159	l0uy0w
1611095191	l0uyel
1611095271	l0uzcu
1611095299	l0uzo3
1611095330	l0v01b
1611095354	l0v0b1
1611095385	l0v0nj
1611095406	l0v0xb
1611095453	l0v1iu
1611095457	l0v1kj
1611095480	l0v1uw
1611095483	l0v1wb
1611095483	l0v1wd
1611095509	l0v28m
1611095543	l0v2mc
1611095553	l0v2qb
1611095572	l0v2y9
1611095580	l0v31a
1611095631	l0v3ml
1611095636	l0v3p2
1611095747	l0v545
1611095748	l0v54d
1611095792	l0v5mo
1611095804	l0v5rk
1611095814	l0v5wj
1611095870	l0v6in
1611095920	l0v79b
1611095947	l0v7ko
1611095954	l0v7nk
1611095995	l0v869
1611096003	l0v8a0
1611096010	l0v8de
1611096023	l0v8jr
1611096047	l0v8tu
1611096060	l0v8yo
1611096065	l0v91e
1611096077	l0v95k
1611096123	l0v9p5
1611096125	l0v9px
1611096168	l0vaa0
1611096189	l0vaif
1611096203	l0vaoc
1611096237	l0vb35
1611096254	l0vbba
1611096279	l0vbm5
1611096308	l0vbym
1611096319	l0vc2y
1611096336	l0vc98
1611096339	l0vcat
1611096366	l0vcn0
1611096372	l0vcq5
1611096374	l0vcqs
1611096374	l0vcqu
1611096403	l0vd3w
1611096457	l0vdr5
1611096499	l0ve9h
1611096502	l0veao
1611096515	l0vegj
1611096565	l0vf2i
1611096566	l0vf2q
1611096573	l0vf61
1611096590	l0vfcy
1611096593	l0vfeb
1611096620	l0vfqx
1611096644	l0vg1y
1611096652	l0vg52
1611096654	l0vg5w
1611096668	l0vgbc
1611096672	l0vgd7
1611096683	l0vghj
1611096689	l0vgjw
1611096703	l0vgpw
1611181008	l1k0f3
1611181015	l1k0id
1611181105	l1k1il
1611181112	l1k1lw
1611181165	l1k2b2
1611181194	l1k2mv
1611181248	l1k3a0
1611181258	l1k3ea
1611181314	l1k41y
1611181324	l1k45p
1611181348	l1k4fj
1611181366	l1k4nx
1611181400	l1k515
1611181469	l1k5vq
1611181533	l1k6mg
1611181543	l1k6qh
1611181574	l1k72e
1611181577	l1k73q
1611181599	l1k7cf
1611181600	l1k7cs
1611181601	l1k7dl
1611181635	l1k7qj
1611181636	l1k7r4
1611181638	l1k7ry
1611181652	l1k7xg
1611181680	l1k88o
1611181709	l1k8lo
1611181833	l1ka2f
1611181843	l1ka77
1611181852	l1kaaw
1611181864	l1kafq
1611181869	l1kahs
1611181935	l1kb8g
1611181948	l1kbe4
1611182046	l1kci2
1611182104	l1kd8h
1611182111	l1kdax
1611182139	l1kdnl
1611182144	l1kdpi
1611182170	l1kdzr
1611182173	l1ke19
1611182291	l1kfdx
1611182297	l1kfg7
1611182299	l1kfhb
1611182313	l1kfmv
1611182329	l1kftf
1611182358	l1kg73
1611182401	l1kgpe
1611182471	l1khk1
1611182504	l1khyg
1611182634	l1kjmv
1611182666	l1kk0h
1611182710	l1kkjn
1611182716	l1kklx
1611182725	l1kkpx
1611182756	l1kl2j
1611182771	l1kl9s
1611182786	l1klhl
1611182815	l1klu9
1611182819	l1klwd
1611182849	l1km96
1611182870	l1kmid
1611182875	l1kmkw
1611182960	l1knnr
1611183053	l1korq
1611183060	l1kov4
1611183136	l1kpr7
1611183159	l1kq0u
1611183189	l1kqez
1611183211	l1kqo5
1611183240	l1kr0s
1611183260	l1kr9o
1611183283	l1krj1
1611183349	l1ks9g
1611183373	l1ksj4
1611183397	l1kst2
1611183438	l1kt9l
1611183449	l1ktei
1611183492	l1ktxp
1611183562	l1kuts
1611183573	l1kuy5
1611183671	l1kwas
1611183709	l1kwvb
1611183719	l1kwzz
1611183724	l1kx2a
1611183735	l1kx7m
1611183738	l1kx8x
1611183764	l1kxlj
1611183794	l1kxyn
1611183802	l1ky35
1611183844	l1kynq
1611183855	l1kyt9
1611183886	l1kz6q
1611183899	l1kzbz
1611183912	l1kzhw
1611183948	l1kzxg
1611183956	l1l00i
1611183966	l1l04a
1611183971	l1l067
1611183974	l1l07v
1611267449	l298vs
1611267475	l2997h
1611267508	l299mv
1611267523	l299te
1611267571	l29af9
1611267599	l29aq9
1611267600	l29aqs
1611267635	l29b6f
1611267685	l29bsq
1611267716	l29c5l
1611267729	l29cb3
1611267731	l29cbp
1611267736	l29cds
1611267744	l29ch6
1611267747	l29ci9
1611267780	l29cw8
1611267798	l29d3q
1611267811	l29d9n
1611267817	l29dcc
1611267832	l29dio
1611267841	l29dm2
1611267849	l29dp3
1611267889	l29e61
1611268029	l29fse
1611268035	l29fv3
1611268064	l29g76
1611268085	l29ggb
1611268094	l29gk4
1611268105	l29gp5
1611268110	l29gr1
1611268115	l29gt8
1611268143	l29h5b
1611268172	l29hhz
1611268175	l29hiy
1611268228	l29i5i
1611268243	l29ic5
1611268251	l29ifo
1611268261	l29ijk
1611268284	l29iu5
1611268299	l29j00
1611268323	l29j9s
1611268361	l29jov
1611268390	l29k01
1611268406	l29k6l
1611268407	l29k6p
1611268454	l29kq2
1611268483	l29l35
1611268508	l29lfs
1611268521	l29llx
1611268541	l29lul
1611268574	l29m7s
1611268576	l29m8l
1611268604	l29ml5
1611268608	l29mmx
1611268634	l29mxl
1611268639	l29n02
1611268656	l29n7a
1611268667	l29nbd
1611268671	l29nd2
1611268702	l29np2
1611268733	l29o2o
1611268741	l29o5i
1611268824	l29p2p
1611268859	l29pis
1611268910	l29q3t
1611268914	l29q5u
1611268921	l29q8t
1611268924	l29qa0
1611268930	l29qc5
1611268934	l29qe7
1611268938	l29qfu
1611268949	l29qkg
1611268983	l29qxn
1611269008	l29r8j
1611269022	l29rea
1611269026	l29rg9
1611269027	l29rgp
1611269068	l29ryv
1611269071	l29s05
1611269112	l29sh1
1611269137	l29sr3
1611269158	l29t05
1611269192	l29tf1
1611269197	l29tgo
1611269211	l29tm3
1611269244	l29u06
1611269258	l29u6e
1611269277	l29uf3
1611269287	l29uis
1611269288	l29ujd
1611269295	l29umd
1611269328	l29v1a
1611269351	l29vb4
1611269363	l29vgg
1611269366	l29vhj
1611269383	l29vpo
1611269434	l29wai
1611269446	l29wfw
1611269515	l29x6z
1611269520	l29x8t
1611353810	l2yhxv
1611353813	l2yhz4
1611353821	l2yi22
1611353872	l2yipu
1611353877	l2yirg
1611353882	l2yiu3
1611353891	l2yixm
1611353898	l2yizw
1611353902	l2yj1t
1611353909	l2yj4p
1611353911	l2yj5c
1611353912	l2yj65
1611353916	l2yj7n
1611353925	l2yjbz
1611353936	l2yjhe
1611353937	l2yjhm
1611353945	l2yjms
1611353954	l2yjrk
1611353960	l2yjua
1611353965	l2yjwe
1611353966	l2yjwu
1611353973	l2yjzl
1611353995	l2yk8y
1611354005	l2ykdt
1611354007	l2yket
1611354017	l2ykiz
1611354017	l2ykjc
1611354032	l2ykpa
1611354033	l2ykpe
1611354033	l2ykph
1611354033	l2ykpp
1611354044	l2yku9
1611354049	l2ykwb
1611354072	l2yl5g
1611354073	l2yl66
1611354076	l2yl7g
1611354078	l2yl8a
1611354079	l2yl8k
1611354089	l2yles
1611354095	l2ylhf
1611354123	l2ylsl
1611354126	l2yltg
1611354136	l2ylxr
1611354165	l2ymay
1611354175	l2ymf6
1611354199	l2ymp0
1611354221	l2ymxw
1611354229	l2yn1d
1611354233	l2yn3i
1611354248	l2yn9x
1611354257	l2yne9
1611354262	l2yng8
1611354264	l2ynhe
1611354277	l2ynmh
1611354290	l2ynrm
1611354320	l2yo3u
1611354330	l2yo8e
1611354336	l2yoan
1611354345	l2yoe4
1611354345	l2yoe8
1611354349	l2yofk
1611354376	l2yoqm
1611354400	l2yp0w
1611354425	l2ypb3
1611354447	l2ypk1
1611354449	l2ypl6
1611354450	l2yplr
1611354453	l2ypmq
1611354479	l2ypyc
1611354498	l2yq6s
1611354501	l2yq89
1611354503	l2yq90
1611354504	l2yqa6
1611354510	l2yqcv
1611354516	l2yqfh
1611354517	l2yqfq
1611354535	l2yqnz
1611354541	l2yqqm
1611354543	l2yqrn
1611354553	l2yqvw
1611354557	l2yqxf
1611354561	l2yqz4
1611354561	l2yqz5
1611354565	l2yr18
1611354570	l2yr3g
1611354577	l2yr6k
1611354582	l2yr8o
1611354584	l2yr9k
1611354584	l2yr9p
1611354593	l2yrd8
1611354596	l2yre3
1611354602	l2yrg9
1611354623	l2yrpw
1611354628	l2yrs9
1611354635	l2yrv5
1611354641	l2yrxv
1611354643	l2yryv
1611354655	l2ys47
1611354663	l2ys7p
1611354684	l2ysgu
1611440215	l3lzc6
1611440216	l3lzcl
1611440220	l3lzew
1611440225	l3lzgk
1611440232	l3lzj1
1611440295	l3m09h
1611440308	l3m0f1
1611440318	l3m0j9
1611440325	l3m0nb
1611440327	l3m0om
1611440358	l3m120
1611440358	l3m12c
1611440373	l3m186
1611440381	l3m1bp
1611440382	l3m1c6
1611440385	l3m1d2
1611440476	l3m2id
1611440583	l3m3ro
1611440584	l3m3s6
1611440605	l3m40c
1611440612	l3m436
1611440616	l3m44v
1611440626	l3m49m
1611440639	l3m4fy
1611440651	l3m4kz
1611440687	l3m510
1611440784	l3m682
1611440784	l3m687
1611440805	l3m6hp
1611440807	l3m6i8
1611440809	l3m6j8
1611440820	l3m6nl
1611440823	l3m6p6
1611440859	l3m73y
1611440885	l3m7em
1611440895	l3m7ji
1611440897	l3m7ke
1611440912	l3m7qg
1611440950	l3m86b
1611440964	l3m8c4
1611440993	l3m8o1
1611441244	l3m9lx
1611441250	l3m9o7
1611441284	l3m9w4
1611441429	l3magb
1611441470	l3mank
1611441475	l3maoj
1611441483	l3maqz
1611441486	l3mass
1611441490	l3matp
1611441638	l3mc3v
1611441651	l3mcc3
1611441657	l3mcfj
1611441720	l3mdi1
1611441735	l3mdr4
1611441737	l3mdsi
1611441758	l3me3t
1611441759	l3me46
1611441811	l3meul
1611441814	l3mevz
1611441836	l3mf6k
1611441900	l3mfzr
1611441913	l3mg66
1611441938	l3mghh
1611441985	l3mh23
1611442004	l3mhau
1611442011	l3mhe9
1611442028	l3mhlq
1611442070	l3mi4y
1611442112	l3ming
1611442138	l3miy1
1611442152	l3mj3t
1611442175	l3mjdh
1611442184	l3mjia
1611442186	l3mjiu
1611442226	l3mk1o
1611442228	l3mk2e
1611442249	l3mkap
1611442279	l3mkn1
1611442279	l3mkna
1611442299	l3mkvg
1611442324	l3ml51
1611442334	l3ml8k
1611442357	l3mljv
1611442366	l3mlna
1611442368	l3mloj
1611442371	l3mlpo
1611442371	l3mlpv
1611442377	l3mlsg
1611442381	l3mltz
1611442396	l3mm1a
1611442414	l3mm9a
1611442417	l3mman
1611442440	l3mmiz
1611442450	l3mmnh
1611442472	l3mmwx
1611442505	l3mnbf
1611442511	l3mne7
1611442520	l3mni1
1611442527	l3mnky
1611526660	l493nw
1611526673	l493tg
1611526700	l4944t
1611526723	l494fl
1611526821	l495lt
1611526827	l495oj
1611526874	l49692
1611526876	l496a6
1611526884	l496dx
1611526894	l496hx
1611526932	l496yy
1611526953	l49785
1611526960	l497b4
1611526974	l497hu
1611526990	l497oa
1611527017	l4980x
1611527018	l49821
1611527031	l4988w
1611527045	l498f1
1611527110	l4997l
1611527140	l499kf
1611527145	l499mv
1611527152	l499pq
1611527172	l499y3
1611527203	l49ab3
1611527203	l49abb
1611527218	l49ago
1611527238	l49apa
1611527244	l49as2
1611527292	l49bdc
1611527301	l49bh5
1611527347	l49c0u
1611527349	l49c1r
1611527359	l49c5k
1611527363	l49c7d
1611527379	l49cee
1611527410	l49csu
1611527410	l49csw
1611527414	l49cv0
1611527441	l49d7y
1611527456	l49ddy
1611527463	l49dh3
1611527479	l49doh
1611527487	l49dsb
1611527494	l49dut
1611527498	l49dwg
1611527507	l49e09
1611527542	l49eft
1611527544	l49egp
1611527586	l49ey7
1611527586	l49eyk
1611527591	l49f16
1611527596	l49f4b
1611527598	l49f56
1611527634	l49fjq
1611527637	l49fkg
1611527643	l49fn0
1611527672	l49g08
1611527673	l49g0m
1611527686	l49g5w
1611527692	l49g8i
1611527707	l49gf2
1611527724	l49gmr
1611527724	l49gms
1611527764	l49h2z
1611527790	l49hed
1611527827	l49hv8
1611527855	l49i6j
1611527856	l49i70
1611527881	l49ihc
1611527885	l49ij2
1611527887	l49ijz
1611527911	l49iv3
1611527912	l49ivz
1611527935	l49j4t
1611527965	l49jgx
1611527966	l49jhg
1611527978	l49jmq
1611527984	l49jpr
1611527993	l49jtv
1611527996	l49jv7
1611528028	l49k9b
1611528084	l49kxa
1611528130	l49lg1
1611528143	l49llk
1611528148	l49lnn
1611528152	l49lp9
1611528238	l49mqd
1611528280	l49n8d
1611528330	l49ntv
1611528332	l49nun
1611528407	l49opo
1611528472	l49pgh
1611528476	l49phl
1611528499	l49prd
1611528546	l49qb3
1611528560	l49qhc
1611528578	l49qp4
1611528599	l49qxz
1611528616	l49r67
1611613022	l4z3ox
1611613025	l4z3qr
1611613025	l4z3qs
1611613028	l4z3rw
1611613030	l4z3sw
1611613032	l4z3ty
1611613034	l4z3v0
1611613043	l4z3yn
1611613047	l4z40g
1611613050	l4z423
1611613056	l4z457
1611613058	l4z462
1611613060	l4z46x
1611613068	l4z4ac
1611613077	l4z4fq
1611613082	l4z4is
1611613095	l4z4o3
1611613095	l4z4of
1611613103	l4z4sm
1611613108	l4z4vh
1611613110	l4z4w9
1611613112	l4z4xu
1611613115	l4z4z1
1611613129	l4z55b
1611613134	l4z585
1611613137	l4z59l
1611613139	l4z5a5
1611613144	l4z5cj
1611613144	l4z5cs
1611613154	l4z5gr
1611613156	l4z5hr
1611613161	l4z5jt
1611613162	l4z5k4
1611613168	l4z5mn
1611613169	l4z5n0
1611613180	l4z5s7
1611613182	l4z5te
1611613183	l4z5tr
1611613187	l4z5v6
1611613202	l4z617
1611613206	l4z63a
1611613206	l4z63b
1611613207	l4z63s
1611613207	l4z63t
1611613212	l4z667
1611613215	l4z678
1611613226	l4z6cj
1611613230	l4z6eg
1611613240	l4z6ih
1611613251	l4z6nq
1611613263	l4z6tn
1611613265	l4z6uy
1611613270	l4z6x9
1611613271	l4z6xw
1611613272	l4z6y1
1611613273	l4z6yo
1611613278	l4z71i
1611613280	l4z72c
1611613290	l4z76t
1611613304	l4z7dc
1611613308	l4z7es
1611613312	l4z7gs
1611613316	l4z7i6
1611613317	l4z7iv
1611613322	l4z7ku
1611613327	l4z7n4
1611613329	l4z7nw
1611613329	l4z7nx
1611613331	l4z7op
1611613338	l4z7rn
1611613339	l4z7rz
1611613343	l4z7ty
1611613343	l4z7u6
1611613350	l4z7wp
1611613351	l4z7x9
1611613360	l4z817
1611613363	l4z82r
1611613371	l4z86j
1611613371	l4z86l
1611613372	l4z871
1611613377	l4z893
1611613379	l4z8a8
1611613380	l4z8aq
1611613384	l4z8cl
1611613389	l4z8fi
1611613390	l4z8fm
1611613395	l4z8i2
1611613398	l4z8iu
1611613404	l4z8ls
1611613409	l4z8nk
1611613411	l4z8ol
1611613417	l4z8r9
1611613421	l4z8td
1611613424	l4z8us
1611613430	l4z8xi
1611613431	l4z8y1
1611613432	l4z8yb
1611613432	l4z8yc
1611613439	l4z910
1611613442	l4z92a
1611759396	l66483
1611759396	l66488
1611759396	l6648b
1611759396	l6648c
1611759398	l66496
1611759399	l6649k
1611759399	l6649o
1611759400	l6649u
1611759401	l6649z
1611759401	l664a3
1611759401	l664a6
1611759402	l664aa
1611759402	l664ak
1611759402	l664al
1611759403	l664ax
1611759403	l664az
1611759403	l664b0
1611759403	l664b1
1611759404	l664bl
1611759405	l664bs
1611759405	l664bz
1611759405	l664c0
1611759406	l664cb
1611759407	l664cl
1611759407	l664cw
1611759408	l664d0
1611759408	l664d6
1611759409	l664dg
1611759412	l664eu
1611759412	l664ew
1611759412	l664f4
1611759412	l664f5
1611759412	l664f8
1611759413	l664f9
1611759413	l664fh
1611759413	l664fi
1611759413	l664fj
1611759414	l664fu
1611759415	l664g3
1611759415	l664g4
1611759416	l664gg
1611759416	l664gj
1611759417	l664gw
1611759418	l664h2
1611759418	l664hd
1611759419	l664hp
1611759420	l664hu
1611759421	l664i4
1611759421	l664i5
1611759421	l664ih
1611759421	l664im
1611759422	l664iz
1611759423	l664j9
1611759423	l664jb
1611759423	l664jf
1611759424	l664jj
1611759424	l664jo
1611759424	l664js
1611759425	l664jz
1611759425	l664k7
1611759426	l664kc
1611759426	l664kg
1611759426	l664kl
1611759426	l664kp
1611759427	l664ks
1611759427	l664kt
1611759427	l664kw
1611759427	l664l2
1611759427	l664l3
1611759428	l664l8
1611759428	l664lb
1611759428	l664lh
1611759428	l664li
1611759429	l664ls
1611759429	l664m9
1611759430	l664md
1611759430	l664mo
1611759431	l664mq
1611759432	l664n6
1611759432	l664n7
1611759432	l664nb
1611759432	l664nc
1611759432	l664nj
1611759432	l664nl
1611759433	l664nm
1611759433	l664no
1611759433	l664nr
1611759433	l664o1
1611759434	l664ob
1611759435	l664og
1611759435	l664oj
1611759435	l664op
1611759436	l664p2
1611759436	l664p3
1611759436	l664p7
1611759437	l664pm
1611759437	l664pq
1611759438	l664q5
1611759439	l664qo
1611759440	l664qu
1611786699	l6gb8z
1611786700	l6gb96
1611786700	l6gb9g
1611786701	l6gb9z
1611786701	l6gba7
1611786702	l6gbah
1611786702	l6gbao
1611786702	l6gbaq
1611786703	l6gbb4
1611786704	l6gbbk
1611786707	l6gbd8
1611786708	l6gbdd
1611786709	l6gbdy
1611786710	l6gbeh
1611786712	l6gbfe
1611786712	l6gbfr
1611786713	l6gbg2
1611786715	l6gbgt
1611786715	l6gbgu
1611786715	l6gbh1
1611786717	l6gbhj
1611786719	l6gbij
1611786719	l6gbir
1611786720	l6gbiy
1611786720	l6gbj3
1611786721	l6gbjn
1611786722	l6gbk3
1611786723	l6gbk9
1611786724	l6gbl2
1611786728	l6gbn1
1611786728	l6gbn5
1611786728	l6gbnc
1611786729	l6gbnh
1611786730	l6gbo8
1611786731	l6gbp3
1611786732	l6gbpk
1611786735	l6gbqn
1611786735	l6gbqo
1611786735	l6gbqv
1611786739	l6gbso
1611786739	l6gbsp
1611786739	l6gbsx
1611786740	l6gbt7
1611786740	l6gbt9
1611786740	l6gbtb
1611786740	l6gbtf
1611786742	l6gbu4
1611786742	l6gbud
1611786743	l6gbup
1611786743	l6gbv3
1611786744	l6gbv7
1611786747	l6gbwp
1611786750	l6gby7
1611786752	l6gbyq
1611786754	l6gbzt
1611786756	l6gc09
1611786757	l6gc0v
1611786757	l6gc13
1611786759	l6gc1z
1611786761	l6gc2t
1611786761	l6gc35
1611786761	l6gc37
1611786764	l6gc4g
1611786764	l6gc4i
1611786767	l6gc5r
1611786767	l6gc5v
1611786768	l6gc6a
1611786768	l6gc6d
1611786768	l6gc6e
1611786769	l6gc7d
1611786770	l6gc7o
1611786770	l6gc7p
1611786773	l6gc9j
1611786774	l6gc9s
1611786774	l6gc9v
1611786775	l6gca3
1611786778	l6gcba
1611786778	l6gcbg
1611786778	l6gcbh
1611786778	l6gcbs
1611786779	l6gcbv
1611786779	l6gcbx
1611786779	l6gcby
1611786780	l6gccf
1611786781	l6gccs
1611786781	l6gccv
1611786782	l6gcd7
1611786782	l6gcd9
1611786782	l6gcdm
1611786783	l6gcdq
1611786783	l6gcds
1611786784	l6gce2
1611786784	l6gce6
1611786784	l6gceg
1611786785	l6gcej
1611786785	l6gcex
1611786786	l6gcf5
1611786786	l6gcf8
1611786787	l6gcfx
1611786787	l6gcfz
1611872226	l7anby
1611872227	l7ancy
1611872228	l7and0
1611872228	l7and5
1611872228	l7and9
1611872228	l7andg
1611872229	l7andr
1611872229	l7ane4
1611872230	l7anem
1611872231	l7aneu
1611872231	l7anf9
1611872232	l7anfg
1611872232	l7anfl
1611872233	l7ang4
1611872234	l7angd
1611872234	l7angf
1611872234	l7angy
1611872235	l7anhi
1611872236	l7anhq
1611872236	l7anht
1611872237	l7anij
1611872237	l7anik
1611872238	l7aniz
1611872238	l7anj7
1611872239	l7anj9
1611872239	l7anjg
1611872239	l7anjh
1611872239	l7anjp
1611872239	l7anjq
1611872241	l7ankd
1611872241	l7ankf
1611872241	l7ankl
1611872242	l7anku
1611872242	l7ankv
1611872242	l7ankx
1611872242	l7anky
1611872242	l7ankz
1611872242	l7anla
1611872243	l7anlj
1611872244	l7anlq
1611872244	l7anm5
1611872244	l7anm6
1611872245	l7anm9
1611872245	l7anmf
1611872245	l7anmh
1611872245	l7anmi
1611872247	l7annb
1611872248	l7anno
1611872248	l7annp
1611872248	l7annu
1611872248	l7annv
1611872248	l7anny
1611872249	l7ano4
1611872249	l7ano6
1611872249	l7ano7
1611872249	l7anoc
1611872249	l7anof
1611872250	l7anop
1611872250	l7anoq
1611872251	l7anpa
1611872252	l7anpv
1611872252	l7anpw
1611872253	l7anqb
1611872253	l7anqc
1611872254	l7anqk
1611872254	l7anqr
1611872255	l7anr9
1611872255	l7anra
1611872256	l7anrt
1611872256	l7anry
1611872257	l7ans3
1611872257	l7ansj
1611872259	l7antc
1611872259	l7antd
1611872259	l7anti
1611872259	l7anto
1611872259	l7antt
1611872261	l7anui
1611872261	l7anut
1611872261	l7anuw
1611872262	l7anv2
1611872263	l7anvg
1611872263	l7anvh
1611872263	l7anvo
1611872263	l7anvv
1611872263	l7anvx
1611872264	l7anwe
1611872264	l7anwi
1611872265	l7anwq
1611872265	l7anwt
1611872265	l7anwu
1611872265	l7anx5
1611872266	l7anxq
1611872266	l7anxr
1611872267	l7anxv
1611872267	l7any0
1611872267	l7any5
1611872267	l7any6
1611872269	l7anyr
1611872269	l7anyt
1611958629	l85yku
1611958630	l85ylo
1611958631	l85ym2
1611958631	l85ym3
1611958632	l85ymm
1611958633	l85yn5
1611958633	l85yn8
1611958634	l85yni
1611958634	l85ynp
1611958635	l85ynu
1611958635	l85ynz
1611958636	l85yoe
1611958638	l85ypr
1611958640	l85yqj
1611958640	l85yqk
1611958642	l85yrf
1611958644	l85ysi
1611958645	l85ysv
1611958646	l85yt4
1611958647	l85ytr
1611958647	l85ytx
1611958648	l85yu5
1611958649	l85yui
1611958649	l85yuj
1611958649	l85yum
1611958650	l85yv8
1611958650	l85yve
1611958650	l85yvh
1611958650	l85yvj
1611958650	l85yvk
1611958651	l85yvl
1611958651	l85yvv
1611958651	l85yw2
1611958652	l85yw4
1611958652	l85ywa
1611958652	l85ywb
1611958652	l85ywj
1611958652	l85ywo
1611958652	l85ywr
1611958653	l85ywt
1611958654	l85yxa
1611958655	l85yy5
1611958656	l85yys
1611958658	l85yzl
1611958659	l85z0b
1611958660	l85z0w
1611958662	l85z1v
1611958662	l85z21
1611958662	l85z27
1611958663	l85z2g
1611958663	l85z2v
1611958664	l85z3b
1611958664	l85z3f
1611958665	l85z3l
1611958668	l85z4s
1611958668	l85z55
1611958668	l85z56
1611958668	l85z58
1611958669	l85z5h
1611958670	l85z6a
1611958671	l85z6b
1611958673	l85z7d
1611958679	l85za9
1611958679	l85zar
1611958681	l85zbp
1611958681	l85zc6
1611958681	l85zc7
1611958681	l85zcc
1611958682	l85zce
1611958683	l85zd6
1611958684	l85zdg
1611958686	l85zev
1611958687	l85zfc
1611958689	l85zgn
1611958689	l85zgu
1611958689	l85zgy
1611958690	l85zh6
1611958692	l85zif
1611958693	l85ziw
1611958693	l85zj3
1611958696	l85zks
1611958698	l85zlu
1611958698	l85zlv
1611958699	l85zmy
1611958699	l85zn6
1611958701	l85zny
1611958701	l85zo1
1611958702	l85zog
1611958703	l85zpj
1611958703	l85zpn
1611958707	l85zrl
1611958707	l85zrq
1611958707	l85zrt
1611958710	l85zte
1611958711	l85ztn
1611958712	l85ztz
1611958712	l85zu3
1611958713	l85zuy
1611958713	l85zuz
1611958713	l85zv0
1612045032	l8x8eo
1612045036	l8x8g6
1612045036	l8x8ga
1612045038	l8x8gs
1612045039	l8x8he
1612045040	l8x8hm
1612045040	l8x8hn
1612045041	l8x8i1
1612045042	l8x8im
1612045043	l8x8j8
1612045043	l8x8ja
1612045044	l8x8je
1612045044	l8x8jm
1612045045	l8x8jz
1612045045	l8x8k1
1612045047	l8x8ky
1612045048	l8x8l7
1612045050	l8x8lo
1612045050	l8x8lp
1612045050	l8x8lq
1612045050	l8x8ly
1612045053	l8x8n6
1612045056	l8x8o8
1612045057	l8x8oi
1612045058	l8x8p4
1612045059	l8x8pl
1612045060	l8x8pq
1612045061	l8x8qe
1612045062	l8x8r2
1612045063	l8x8rd
1612045063	l8x8rl
1612045064	l8x8s0
1612045064	l8x8s6
1612045065	l8x8so
1612045066	l8x8t0
1612045067	l8x8t1
1612045067	l8x8tg
1612045069	l8x8u4
1612045070	l8x8u8
1612045070	l8x8ui
1612045071	l8x8uq
1612045073	l8x8vu
1612045075	l8x8wl
1612045076	l8x8wv
1612045077	l8x8xg
1612045080	l8x8yd
1612045080	l8x8ym
1612045081	l8x8yw
1612045083	l8x8zv
1612045083	l8x900
1612045086	l8x915
1612045087	l8x91j
1612045088	l8x922
1612045091	l8x933
1612045091	l8x935
1612045092	l8x93c
1612045092	l8x93l
1612045092	l8x93n
1612045093	l8x93y
1612045094	l8x94f
1612045096	l8x951
1612045096	l8x959
1612045097	l8x95l
1612045098	l8x962
1612045099	l8x96m
1612045100	l8x96y
1612045104	l8x98r
1612045104	l8x98t
1612045105	l8x98y
1612045106	l8x99h
1612045111	l8x9bj
1612045112	l8x9by
1612045113	l8x9cf
1612045114	l8x9da
1612045115	l8x9dj
1612045116	l8x9du
1612045116	l8x9eb
1612045119	l8x9ff
1612045121	l8x9gg
1612045122	l8x9hb
1612045122	l8x9hf
1612045123	l8x9hr
1612045126	l8x9j4
1612045128	l8x9jm
1612045128	l8x9ju
1612045129	l8x9k6
1612045129	l8x9ka
1612045130	l8x9ko
1612045130	l8x9l3
1612045130	l8x9l4
1612045132	l8x9ls
1612045132	l8x9lu
1612045132	l8x9lv
1612045133	l8x9mh
1612045136	l8x9nl
1612045137	l8x9nu
1612045138	l8x9oc
1612045138	l8x9og
1612045139	l8x9os
1612045144	l8x9rg
1612131436	l9njtn
1612131438	l9nju5
1612131438	l9nju6
1612131438	l9njua
1612131439	l9njut
1612131439	l9njv1
1612131440	l9njv7
1612131442	l9njw3
1612131445	l9njxm
1612131448	l9njyl
1612131450	l9njzg
1612131451	l9nk01
1612131453	l9nk0l
1612131457	l9nk2d
1612131458	l9nk2s
1612131460	l9nk3k
1612131461	l9nk43
1612131463	l9nk4y
1612131464	l9nk5f
1612131465	l9nk60
1612131467	l9nk6r
1612131468	l9nk77
1612131469	l9nk7y
1612131471	l9nk8s
1612131471	l9nk95
1612131472	l9nk97
1612131472	l9nk99
1612131472	l9nk9b
1612131473	l9nk9t
1612131474	l9nka5
1612131476	l9nkb2
1612131476	l9nkbj
1612131477	l9nkbn
1612131477	l9nkc1
1612131478	l9nkc6
1612131479	l9nkcs
1612131481	l9nkds
1612131482	l9nkdx
1612131483	l9nken
1612131483	l9nkeu
1612131484	l9nkf0
1612131486	l9nkg3
1612131487	l9nkge
1612131488	l9nkh3
1612131492	l9nkjc
1612131492	l9nkjg
1612131493	l9nkk0
1612131494	l9nkkc
1612131496	l9nklm
1612131497	l9nklw
1612131498	l9nkm4
1612131499	l9nkmq
1612131500	l9nkn2
1612131501	l9nknf
1612131501	l9nkni
1612131502	l9nko3
1612131503	l9nkoq
1612131504	l9nkp0
1612131505	l9nkpd
1612131508	l9nkqs
1612131511	l9nksb
1612131512	l9nksu
1612131512	l9nkt6
1612131515	l9nkur
1612131517	l9nkvh
1612131519	l9nkwc
1612131520	l9nkwm
1612131521	l9nkxc
1612131522	l9nkxj
1612131526	l9nkzi
1612131527	l9nkzn
1612131528	l9nl05
1612131531	l9nl19
1612131531	l9nl1i
1612131532	l9nl1q
1612131534	l9nl2y
1612131535	l9nl37
1612131536	l9nl3h
1612131538	l9nl4h
1612131538	l9nl4k
1612131538	l9nl4o
1612131541	l9nl5d
1612131543	l9nl65
1612131544	l9nl6l
1612131551	l9nl9f
1612131552	l9nl9r
1612131559	l9nld6
1612131559	l9nlda
1612131559	l9nldf
1612131560	l9nldr
1612131561	l9nle5
1612131561	l9nle8
1612131563	l9nlf9
1612131567	l9nlgy
1612131567	l9nlh7
1612131568	l9nlho
1612131569	l9nlhu
1612131569	l9nlhz
1612131572	l9nlj7
1612131572	l9nlja
1612217838	lafv2b
1612217839	lafv2f
1612217839	lafv2q
1612217841	lafv3d
1612217841	lafv3f
1612217843	lafv41
1612217843	lafv45
1612217843	lafv46
1612217843	lafv4g
1612217844	lafv4r
1612217845	lafv5n
1612217845	lafv5u
1612217847	lafv71
1612217848	lafv7g
1612217849	lafv7i
1612217850	lafv8f
1612217854	lafva7
1612217856	lafvb8
1612217857	lafvbk
1612217857	lafvbv
1612217857	lafvc0
1612217857	lafvc1
1612217859	lafvd4
1612217860	lafvda
1612217860	lafvdk
1612217861	lafvdv
1612217861	lafvdw
1612217862	lafvej
1612217864	lafvfh
1612217864	lafvfm
1612217864	lafvfp
1612217864	lafvfs
1612217865	lafvgh
1612217865	lafvgm
1612217866	lafvgx
1612217866	lafvh2
1612217867	lafvhg
1612217868	lafvho
1612217868	lafvhv
1612217869	lafvi3
1612217869	lafvi5
1612217870	lafvj5
1612217872	lafvkg
1612217874	lafvli
1612217875	lafvlx
1612217876	lafvmf
1612217877	lafvmq
1612217877	lafvn0
1612217878	lafvnc
1612217878	lafvnn
1612217880	lafvoe
1612217881	lafvot
1612217881	lafvp2
1612217882	lafvpj
1612217882	lafvpq
1612217883	lafvqg
1612217884	lafvqt
1612217885	lafvr2
1612217885	lafvrb
1612217886	lafvro
1612217887	lafvsb
1612217888	lafvsv
1612217888	lafvt0
1612217890	lafvtz
1612217891	lafvuc
1612217893	lafvv8
1612217895	lafvwg
1612217895	lafvwh
1612217896	lafvxd
1612217897	lafvxk
1612217897	lafvxn
1612217897	lafvxs
1612217898	lafvyb
1612217900	lafvz7
1612217902	lafw0g
1612217903	lafw0u
1612217904	lafw1k
1612217904	lafw1u
1612217906	lafw2j
1612217907	lafw3c
1612217907	lafw3j
1612217907	lafw3l
1612217909	lafw4i
1612217910	lafw4l
1612217910	lafw4t
1612217912	lafw5s
1612217913	lafw6h
1612217916	lafw7b
1612217917	lafw7s
1612217917	lafw7u
1612217919	lafw8o
1612217922	lafwab
1612217922	lafwac
1612217922	lafwae
1612217922	lafwag
1612217924	lafwbf
1612217929	lafwdu
1612217930	lafwe1
1612217931	lafwec
1612217933	lafwfn
1612304240	lb88d3
1612304240	lb88dc
1612304241	lb88ds
1612304242	lb88e6
1612304243	lb88ee
1612304244	lb88er
1612304245	lb88fh
1612304246	lb88fv
1612304246	lb88g3
1612304247	lb88g9
1612304247	lb88ga
1612304247	lb88gd
1612304247	lb88gl
1612304248	lb88gv
1612304249	lb88hg
1612304249	lb88hm
1612304250	lb88hr
1612304250	lb88hy
1612304251	lb88if
1612304252	lb88iz
1612304253	lb88j6
1612304253	lb88j8
1612304255	lb88k1
1612304258	lb88l8
1612304258	lb88la
1612304259	lb88mb
1612304260	lb88md
1612304261	lb88n0
1612304261	lb88n3
1612304261	lb88n4
1612304262	lb88ns
1612304263	lb88o4
1612304264	lb88oj
1612304265	lb88p2
1612304266	lb88ph
1612304266	lb88pr
1612304268	lb88qf
1612304268	lb88qo
1612304272	lb88s9
1612304275	lb88tm
1612304275	lb88u0
1612304276	lb88uh
1612304277	lb88un
1612304278	lb88v2
1612304278	lb88ve
1612304280	lb88w2
1612304281	lb88wr
1612304284	lb88xj
1612304284	lb88xl
1612304284	lb88xm
1612304284	lb88xs
1612304284	lb88y1
1612304285	lb88y6
1612304287	lb88z9
1612304287	lb88zd
1612304291	lb8919
1612304293	lb891z
1612304293	lb8925
1612304294	lb892o
1612304296	lb893e
1612304297	lb8946
1612304299	lb894z
1612304299	lb8953
1612304302	lb8966
1612304304	lb8972
1612304305	lb897o
1612304306	lb8983
1612304308	lb8991
1612304310	lb899l
1612304311	lb89ae
1612304315	lb89bp
1612304315	lb89bt
1612304316	lb89c1
1612304318	lb89co
1612304319	lb89dm
1612304321	lb89e7
1612304321	lb89eb
1612304325	lb89gj
1612304325	lb89gl
1612304326	lb89gs
1612304327	lb89h7
1612304327	lb89h9
1612304327	lb89hh
1612304329	lb89ie
1612304329	lb89if
1612304329	lb89ig
1612304330	lb89ij
1612304333	lb89jt
1612304334	lb89k0
1612304335	lb89kv
1612304337	lb89lm
1612304337	lb89lt
1612304338	lb89m7
1612304339	lb89mj
1612304339	lb89mo
1612304340	lb89nb
1612304341	lb89ng
1612304344	lb89ox
1612304344	lb89pb
1612304345	lb89pm
1612390643	lbzy9v
1612390644	lbzya1
1612390644	lbzya4
1612390648	lbzybw
1612390649	lbzycn
1612390651	lbzydi
1612390652	lbzye5
1612390659	lbzyh1
1612390663	lbzyjg
1612390664	lbzyjs
1612390667	lbzyl9
1612390670	lbzymf
1612390670	lbzymg
1612390674	lbzyoq
1612390682	lbzysp
1612390690	lbzywr
1612390691	lbzyx7
1612390691	lbzyxi
1612390696	lbzyzk
1612390698	lbzz0k
1612390699	lbzz0u
1612390700	lbzz1h
1612390703	lbzz2d
1612390704	lbzz2z
1612390704	lbzz36
1612390707	lbzz3z
1612390709	lbzz57
1612390712	lbzz70
1612390712	lbzz77
1612390714	lbzz7y
1612390714	lbzz88
1612390717	lbzz9d
1612390718	lbzz9m
1612390719	lbzza2
1612390722	lbzzbr
1612390724	lbzzcl
1612390725	lbzzd7
1612390726	lbzzdv
1612390731	lbzzfx
1612390737	lbzzie
1612390759	lbzzrk
1612390760	lbzzrq
1612390763	lbzzt4
1612390768	lbzzuz
1612390770	lbzzvs
1612390771	lbzzwc
1612390775	lbzzy1
1612390779	lbzzzq
1612390779	lbzzzs
1612390781	lc000q
1612390784	lc001w
1612390785	lc0029
1612390788	lc003i
1612390798	lc007e
1612390803	lc009s
1612390805	lc00aq
1612390807	lc00bq
1612390813	lc00fo
1612390815	lc00go
1612390816	lc00hb
1612390816	lc00hj
1612390819	lc00ji
1612390820	lc00jw
1612390822	lc00lw
1612390827	lc00ok
1612390832	lc00rf
1612390839	lc00vg
1612390844	lc00yk
1612390848	lc010u
1612390850	lc0120
1612390850	lc012i
1612390851	lc0138
1612390852	lc013i
1612390852	lc013l
1612390855	lc015f
1612390855	lc015w
1612390857	lc016z
1612390861	lc019m
1612390867	lc01dq
1612390867	lc01eb
1612390873	lc01hw
1612390875	lc01im
1612390879	lc01ki
1612390883	lc01ml
1612390893	lc01r1
1612390895	lc01ro
1612390897	lc01sa
1612390900	lc01ti
1612390903	lc01uv
1612390903	lc01v3
1612390904	lc01v9
1612390904	lc01vf
1612390904	lc01vi
1612390904	lc01vn
1612390905	lc01vy
1612390905	lc01vz
1612390906	lc01wk
1612390908	lc01xg
1612390909	lc01xu
1612390909	lc01ye
1612477049	lcrtne
1612477056	lcrtqy
1612477057	lcrtr7
1612477060	lcrtsl
1612477060	lcrtst
1612477061	lcrtt4
1612477062	lcrttq
1612477067	lcrtvu
1612477067	lcrtw7
1612477069	lcrtwu
1612477072	lcrtyg
1612477074	lcrtzg
1612477076	lcru0i
1612477081	lcru3d
1612477083	lcru47
1612477084	lcru4s
1612477090	lcru7p
1612477091	lcru8h
1612477098	lcruc5
1612477098	lcruc8
1612477098	lcruc9
1612477101	lcrudc
1612477104	lcrufc
1612477110	lcruik
1612477120	lcrumn
1612477129	lcrur9
1612477136	lcruu8
1612477138	lcruv0
1612477145	lcruy9
1612477146	lcruyq
1612477152	lcrv13
1612477159	lcrv4h
1612477161	lcrv55
1612477164	lcrv6f
1612477167	lcrv8f
1612477169	lcrv9h
1612477174	lcrvbc
1612477179	lcrvdj
1612477179	lcrvdo
1612477181	lcrved
1612477181	lcrvef
1612477184	lcrvfq
1612477190	lcrvia
1612477190	lcrvif
1612477192	lcrvit
1612477192	lcrviv
1612477194	lcrvjw
1612477198	lcrvl3
1612477198	lcrvla
1612477201	lcrvmy
1612477202	lcrvn7
1612477204	lcrvog
1612477205	lcrvp4
1612477207	lcrvqc
1612477210	lcrvru
1612477213	lcrvtc
1612477215	lcrvu3
1612477220	lcrvwj
1612477220	lcrvwr
1612477228	lcrw18
1612477229	lcrw1f
1612477229	lcrw1m
1612477231	lcrw2u
1612477239	lcrw72
1612477242	lcrw8s
1612477242	lcrw8t
1612477246	lcrwbi
1612477250	lcrwee
1612477258	lcrwho
1612477259	lcrwig
1612477260	lcrwim
1612477265	lcrwkj
1612477266	lcrwl3
1612477286	lcrwvn
1612477289	lcrwxj
1612477295	lcrx04
1612477307	lcrx6g
1612477313	lcrx9m
1612477314	lcrxa2
1612477315	lcrxab
1612477323	lcrxdh
1612477327	lcrxfk
1612477327	lcrxfn
1612477331	lcrxhn
1612477339	lcrxlq
1612477340	lcrxlr
1612477340	lcrxm0
1612477349	lcrxpw
1612477351	lcrxqy
1612477354	lcrxsa
1612477354	lcrxse
1612477363	lcrxwl
1612477363	lcrxwn
1612477364	lcrxwv
1612477369	lcrxzm
1612477374	lcry21
1612477377	lcry3e
1612477380	lcry4s
1612477382	lcry5k
1612477383	lcry5z
1612740081	leyfdu
1612740104	leyfn1
1612740148	leyg4w
1612740168	leygdg
1612740185	leygj9
1612740189	leygl6
1612740198	leygo9
1612740200	leygpa
1612740205	leygre
1612740207	leygs6
1612740230	leyh1a
1612740235	leyh3a
1612740251	leyh9v
1612740253	leyhax
1612740259	leyhdp
1612740281	leyhm9
1612740326	leyi4t
1612740331	leyi6q
1612740337	leyi90
1612740376	leyimb
1612740400	leyivv
1612740464	leyjkr
1612740489	leyjtf
1612740501	leyjwi
1612740507	leyjyc
1612740588	leykvi
1612740601	leyl05
1612740636	leylk5
1612740642	leylof
1612740642	leylok
1612740652	leyluk
1612740656	leylwt
1612740677	leym98
1612740684	leymcx
1612740698	leymj9
1612740699	leymjn
1612740701	leymkj
1612740729	leymws
1612740729	leymx0
1612740768	leynbt
1612740770	leyncn
1612740776	leyneg
1612740799	leynnc
1612740843	leyo4v
1612740853	leyo93
1612740857	leyoas
1612740859	leyobs
1612740879	leyojv
1612740888	leyone
1612740920	leyp1g
1612740922	leyp29
1612740927	leyp6i
1612740938	leypd0
1612741007	leyqhf
1612741012	leyqjb
1612741022	leyqmz
1612741029	leyqpe
1612741043	leyqv5
1612741057	leyr0j
1612741065	leyr38
1612741079	leyr88
1612741092	leyrdx
1612741115	leyrm1
1612741125	leyrpw
1612741130	leyrrr
1612741133	leyrt2
1612741145	leyrxj
1612741181	leysb8
1612741209	leyslv
1612741237	leyswy
1612741249	leyt32
1612741264	leyt8j
1612741264	leyt8q
1612741304	leytnw
1612741322	leytu9
1612741334	leytyi
1612741343	leyu1r
1612741376	leyud9
1612741437	leyv1f
1612741446	leyv4g
1612741451	leyv6o
1612741460	leyvaa
1612741473	leyvey
1612741475	leyvg0
1612741489	leyvlj
1612741492	leyvmu
1612741495	leyvny
1612741498	leyvox
1612741514	leyvwg
1612741521	leyvzj
1612741523	leyw0f
1612741529	leyw2u
1612741545	leyw8u
1612741574	leywk0
1612741586	leywou
1612741602	leywut
1612741607	leywx0
1612741632	leyx78
1612741641	leyxae
1612741643	leyxbb
1612822663	lfnghc
1612822672	lfnglp
1612822674	lfngna
1612822692	lfngx1
1612822708	lfnh52
1612822711	lfnh6i
1612822716	lfnh8s
1612822739	lfnhik
1612822743	lfnhk6
1612822745	lfnhl0
1612822756	lfnhqa
1612822768	lfnhve
1612822772	lfnhx0
1612822775	lfnhyf
1612822792	lfni5b
1612822825	lfnilk
1612822829	lfninu
1612822844	lfniue
1612822846	lfnivl
1612822846	lfnivp
1612822886	lfnje0
1612822893	lfnjhh
1612822915	lfnjri
1612822920	lfnjtv
1612822926	lfnjwf
1612822930	lfnjy9
1612822944	lfnk3v
1612822965	lfnkdz
1612822966	lfnkea
1612822975	lfnkin
1612822986	lfnknw
1612823019	lfnl3i
1612823033	lfnlay
1612823048	lfnlhl
1612823058	lfnllt
1612823085	lfnlyn
1612823087	lfnlzh
1612823095	lfnm3d
1612823095	lfnm3e
1612823102	lfnm69
1612823110	lfnmaa
1612823112	lfnmb3
1612823123	lfnmg2
1612823134	lfnml3
1612823136	lfnmm2
1612823148	lfnmqy
1612823181	lfnn4t
1612823182	lfnn59
1612823194	lfnnb1
1612823206	lfnnfz
1612823207	lfnng7
1612823220	lfnnlv
1612823221	lfnnmb
1612823223	lfnnmu
1612823225	lfnno0
1612823229	lfnnpp
1612823239	lfnntv
1612823243	lfnnve
1612823244	lfnnvn
1612823244	lfnnvt
1612823245	lfnnwc
1612823250	lfnny9
1612823263	lfno45
1612823272	lfno8c
1612823274	lfno8v
1612823278	lfnoap
1612823292	lfnofm
1612823298	lfnoha
1612823317	lfnoor
1612823318	lfnop8
1612823333	lfnoy3
1612823334	lfnoya
1612823351	lfnp81
1612823355	lfnpae
1612823355	lfnpah
1612823363	lfnpdx
1612823380	lfnpm0
1612823381	lfnpmd
1612823397	lfnptj
1612823404	lfnpxd
1612823406	lfnpyl
1612823433	lfnqb9
1612823434	lfnqbx
1612823437	lfnqd4
1612823443	lfnqfh
1612823448	lfnqho
1612823452	lfnqj8
1612823454	lfnqk6
1612823487	lfnqyt
1612823538	lfnrm4
1612823549	lfnrqz
1612823562	lfnrwq
1612823567	lfnryj
1612823580	lfns4d
1612823581	lfns4k
1612823617	lfnsky
1612823623	lfnsnn
1612823627	lfnspd
1612823670	lfnt9o
1612823676	lfntcx
1612929296	lglbqh
1612929297	lglbqx
1612929298	lglbr3
1612929302	lglbt1
1612929319	lglbyu
1612929322	lglbzn
1612929379	lglcj8
1612929381	lglcjt
1612929401	lglcr0
1612929408	lglcte
1612929415	lglcv5
1612929450	lgld6e
1612929495	lgldm6
1612929511	lglds2
1612929515	lgldtb
1612929552	lgle5x
1612929559	lgle8q
1612929568	lglebj
1612929579	lglefn
1612929580	lgleg3
1612929583	lgleh8
1612929594	lglel1
1612929626	lglf2d
1612929655	lglfda
1612929660	lglff6
1612929661	lglffi
1612929706	lglfy9
1612929709	lglfz6
1612929714	lglg0z
1612929739	lglgaq
1612929750	lglgf3
1612929799	lglgyg
1612929833	lglha3
1612929834	lglhaj
1612929835	lglhap
1612929837	lglhbn
1612929857	lglhhw
1612929861	lglhjv
1612929862	lglhjz
1612929863	lglhki
1612929865	lglhlf
1612929871	lglhn1
1612929885	lglhs5
1612929901	lglhxz
1612929946	lglif9
1612929979	lgliqc
1612930005	lglj0r
1612930006	lglj0t
1612930015	lglj4u
1612930021	lglj76
1612930062	lgljmj
1612930064	lgljng
1612930066	lgljnx
1612930068	lgljok
1612930093	lgljxs
1612930098	lgljz9
1612930104	lglk1x
1612930124	lglk9l
1612930148	lglki9
1612930155	lglkll
1612930207	lgll3y
1612930208	lgll4m
1612930211	lgll5j
1612930231	lgllci
1612930243	lgllhp
1612930270	lgllre
1612930284	lgllwx
1612930299	lglm2n
1612930307	lglm5n
1612930335	lglmfi
1612930361	lglmq3
1612930366	lglmrp
1612930371	lglmtv
1612930376	lglmvx
1612930401	lgln3y
1612930447	lglnjp
1612930448	lglnkb
1612930466	lglnq1
1612930492	lglnzb
1612930515	lglo6s
1612930580	lglot0
1612930583	lgloty
1612930592	lglowv
1612930594	lglox8
1612930616	lglp5z
1612930703	lglpzt
1612930765	lglqjt
1612930767	lglqkk
1612930795	lglqu7
1612930803	lglqww
1612930841	lglrb6
1612930847	lglrcy
1612930857	lglrg5
1612930868	lglrjn
1612930879	lglrne
1612930907	lglrw9
1612930929	lgls57
1612930943	lglsau
1612930992	lglsq4
1612931015	lglsyp
